Arguments: 
  C:\Program Files\nodejs\node.exe C:\Users\andy\AppData\Roaming\npm\node_modules\yarn\bin\yarn.js add --dev babel-jest @babel/core @babel/preset-env

PATH: 
  C:\Program Files (x86)\Common Files\Oracle\Java\javapath;C:\Program Files\NVIDIA GPU Computing Toolkit\CUDA\v7.5\bin;C:\Program Files\NVIDIA GPU Computing Toolkit\CUDA\v7.5\libnvvp;C:\ProgramData\Oracle\Java\javapath;C:\Windows\system32;C:\Windows;C:\Windows\System32\Wbem;C:\Windows\System32\WindowsPowerShell\v1.0\;D:\Program Files\TortoiseSVN\bin;c:\Program Files (x86)\Microsoft SQL Server\90\Tools\binn\;D:\Java\jdk1.8.0_71\bin;D:\Java\jdk1.8.0_71\jre\bin;C:\Program Files (x86)\Windows Kits\8.1\Windows Performance Toolkit\;C:\Program Files\Microsoft SQL Server\110\Tools\Binn\;C:\Program Files\Microsoft SQL Server\120\Tools\Binn\;C:\Python27\Scripts;F:\caffe-windows\Build\x64\Debug;D:\Program Files\Git\cmd;C:\Program Files (x86)\NVIDIA Corporation\PhysX\Common;E:\Program Files\OpenVPN\bin;E:\opencv-2.4.10\opencv\build\x86\vc10\bin;E:\opencv\build\x86\vc10\bin;C:\Program Files\Microsoft SQL Server\110\DTS\Binn\;C:\Program Files (x86)\Microsoft SQL Server\110\Tools\Binn\;C:\Program Files (x86)\Microsoft SQL Server\110\Tools\Binn\ManagementStudio\;C:\Program Files (x86)\Microsoft Visual Studio 10.0\Common7\IDE\PrivateAssemblies\;C:\Program Files (x86)\Microsoft SQL Server\110\DTS\Binn\;C:\Program Files\TortoiseGit\bin;C:\Program Files\MongoDB\Server\3.4\bin;C:\WINDOWS\system32;C:\WINDOWS;C:\WINDOWS\System32\Wbem;C:\WINDOWS\System32\WindowsPowerShell\v1.0\;C:\Users\andy\AppData\Roaming\npm\;C:\Program Files (x86)\Microsoft SDKs\TypeScript\1.0\;C:\Users\andy\AppData\Roaming\npm\node_modules\gulp\bin;C:\Program Files\Microsoft VS Code\bin;C:\Go\\bin\;G:\goworks\bin;D:\Redis\;C:\Users\andy\AppData\Roaming\nvm;C:\Program Files\nodejs;D:\Program Files\Git\bin;C:\Anaconda2;C:\Anaconda2\Scripts;C:\Anaconda2\Library\bin;C:\Python27;C:\Anaconda2\MinGW\bin;C:\Anaconda2\MinGW\x86_64-w64-mingw32\lib;C:\local\boost_1_60_0\lib32-msvc-10.0;E:\opencv\build\x86\vc10\bin;C:\Users\andy\AppData\Local\atom\bin;C:\Program Files\Microsoft VS Code\bin;C:\Users\andy\AppData\Local\Microsoft\WindowsApps;C:\Users\andy\go\bin;C:\Users\andy\AppData\Roaming\npm;C:\Users\andy\AppData\Roaming\nvm;C:\Program Files\nodejs

Yarn version: 
  1.2.1

Node version: 
  10.20.1

Platform: 
  win32 x64

npm manifest: 
  {
    "name": "study_code",
    "version": "0.0.1",
    "description": "\"源码阅读极其学习笔记,吹响青春集结号\"",
    "main": "index.js",
    "scripts": {
      "test": "jest --watch"
    },
    "keywords": [
      "front-webpack前端源码阅读"
    ],
    "author": "andyxu",
    "license": "MIT",
    "devDependencies": {
      "@babel/core": "^7.12.3",
      "@babel/preset-env": "^7.12.1",
      "babel-jest": "^26.6.3",
      "jest": "^26.6.3"
    }
  }

yarn manifest: 
  No manifest

Lockfile: 
  No lockfile

Trace: 
  Error: ENOENT: no such file or directory, copyfile 'C:\Users\andy\AppData\Local\Yarn\cache\v1\npm-ansi-styles-3.2.1-41fbb20243e50b12be0f04b8dedbf07520ce841d\readme.md' -> 'G:\webspace\1239\study_code\node_modules\@babel\highlight\node_modules\ansi-styles\readme.md'
